This file contains any messages produced by compilers while
running configure, to aid debugging if configure makes a mistake.

It was created by configure, which was
generated by GNU Autoconf 2.61.  Invocation command line was

  $ ./configure 

## --------- ##
## Platform. ##
## --------- ##

hostname = galette
uname -m = x86_64
uname -r = 2.6.37.6-24-desktop
uname -s = Linux
uname -v = #1 SMP PREEMPT 2012-10-18 22:36:08 +0200

/usr/bin/uname -p = unknown
/bin/uname -X     = unknown

/bin/arch              = x86_64
/usr/bin/arch -k       = unknown
/usr/convex/getsysinfo = unknown
/usr/bin/hostinfo      = unknown
/bin/machine           = unknown
/usr/bin/oslevel       = unknown
/bin/universe          = unknown

PATH: /scratch/galette/bierlich/tools/root/bin
PATH: /usr/local/bin
PATH: /usr/bin
PATH: /bin
PATH: /usr/bin/X11
PATH: /usr/X11R6/bin
PATH: /usr/games
PATH: /opt/kde3/bin
PATH: /home/galette/bierlich/tools/bin/
PATH: /scratch/galette/bierlich/tools/bin/
PATH: =/scratch/galette/bierlich/tools/gcc/lib/


## ----------- ##
## Core tests. ##
## ----------- ##

configure:1971: checking for a BSD-compatible install
configure:2027: result: /usr/bin/install -c
configure:2038: checking whether build environment is sane
configure:2081: result: yes
configure:2109: checking for a thread-safe mkdir -p
configure:2148: result: /bin/mkdir -p
configure:2161: checking for gawk
configure:2177: found /usr/bin/gawk
configure:2188: result: gawk
configure:2199: checking whether make sets $(MAKE)
configure:2220: result: yes
configure:2457: checking for gcc
configure:2473: found /usr/bin/gcc
configure:2484: result: gcc
configure:2722: checking for C compiler version
configure:2729: gcc --version >&5
gcc (SUSE Linux) 4.5.1 20101208 [gcc-4_5-branch revision 167585]
Copyright (C) 2010 Free Software Foundation, Inc.
This is free software; see the source for copying conditions.  There is NO
warranty; not even for MERCHANTABILITY or FITNESS FOR A PARTICULAR PURPOSE.

configure:2732: $? = 0
configure:2739: gcc -v >&5
Using built-in specs.
COLLECT_GCC=gcc
COLLECT_LTO_WRAPPER=/usr/lib64/gcc/x86_64-suse-linux/4.5/lto-wrapper
Target: x86_64-suse-linux
Configured with: ../configure --prefix=/usr --infodir=/usr/share/info --mandir=/usr/share/man --libdir=/usr/lib64 --libexecdir=/usr/lib64 --enable-languages=c,c++,objc,fortran,obj-c++,java,ada --enable-checking=release --with-gxx-include-dir=/usr/include/c++/4.5 --enable-ssp --disable-libssp --disable-plugin --with-bugurl=http://bugs.opensuse.org/ --with-pkgversion='SUSE Linux' --disable-libgcj --disable-libmudflap --with-slibdir=/lib64 --with-system-zlib --enable-__cxa_atexit --enable-libstdcxx-allocator=new --disable-libstdcxx-pch --enable-version-specific-runtime-libs --program-suffix=-4.5 --enable-linux-futex --without-system-libunwind --enable-gold --with-plugin-ld=/usr/bin/gold --with-arch-32=i586 --with-tune=generic --build=x86_64-suse-linux
Thread model: posix
gcc version 4.5.1 20101208 [gcc-4_5-branch revision 167585] (SUSE Linux) 
configure:2742: $? = 0
configure:2749: gcc -V >&5
gcc: '-V' option must have argument
configure:2752: $? = 1
configure:2775: checking for C compiler default output file name
configure:2802: gcc    conftest.c  >&5
configure:2805: $? = 0
configure:2843: result: a.out
configure:2860: checking whether the C compiler works
configure:2870: ./a.out
configure:2873: $? = 0
configure:2890: result: yes
configure:2897: checking whether we are cross compiling
configure:2899: result: no
configure:2902: checking for suffix of executables
configure:2909: gcc -o conftest    conftest.c  >&5
configure:2912: $? = 0
configure:2936: result: 
configure:2942: checking for suffix of object files
configure:2968: gcc -c   conftest.c >&5
configure:2971: $? = 0
configure:2994: result: o
configure:2998: checking whether we are using the GNU C compiler
configure:3027: gcc -c   conftest.c >&5
configure:3033: $? = 0
configure:3050: result: yes
configure:3055: checking whether gcc accepts -g
configure:3085: gcc -c -g  conftest.c >&5
configure:3091: $? = 0
configure:3190: result: yes
configure:3207: checking for gcc option to accept ISO C89
configure:3281: gcc  -c -g -O2  conftest.c >&5
configure:3287: $? = 0
configure:3310: result: none needed
configure:3339: checking for style of include used by make
configure:3367: result: GNU
configure:3392: checking dependency style of gcc
configure:3483: result: gcc3
configure:3556: checking for g++
configure:3572: found /usr/bin/g++
configure:3583: result: g++
configure:3614: checking for C++ compiler version
configure:3621: g++ --version >&5
g++ (SUSE Linux) 4.5.1 20101208 [gcc-4_5-branch revision 167585]
Copyright (C) 2010 Free Software Foundation, Inc.
This is free software; see the source for copying conditions.  There is NO
warranty; not even for MERCHANTABILITY or FITNESS FOR A PARTICULAR PURPOSE.

configure:3624: $? = 0
configure:3631: g++ -v >&5
Using built-in specs.
COLLECT_GCC=g++
COLLECT_LTO_WRAPPER=/usr/lib64/gcc/x86_64-suse-linux/4.5/lto-wrapper
Target: x86_64-suse-linux
Configured with: ../configure --prefix=/usr --infodir=/usr/share/info --mandir=/usr/share/man --libdir=/usr/lib64 --libexecdir=/usr/lib64 --enable-languages=c,c++,objc,fortran,obj-c++,java,ada --enable-checking=release --with-gxx-include-dir=/usr/include/c++/4.5 --enable-ssp --disable-libssp --disable-plugin --with-bugurl=http://bugs.opensuse.org/ --with-pkgversion='SUSE Linux' --disable-libgcj --disable-libmudflap --with-slibdir=/lib64 --with-system-zlib --enable-__cxa_atexit --enable-libstdcxx-allocator=new --disable-libstdcxx-pch --enable-version-specific-runtime-libs --program-suffix=-4.5 --enable-linux-futex --without-system-libunwind --enable-gold --with-plugin-ld=/usr/bin/gold --with-arch-32=i586 --with-tune=generic --build=x86_64-suse-linux
Thread model: posix
gcc version 4.5.1 20101208 [gcc-4_5-branch revision 167585] (SUSE Linux) 
configure:3634: $? = 0
configure:3641: g++ -V >&5
g++: '-V' option must have argument
configure:3644: $? = 1
configure:3647: checking whether we are using the GNU C++ compiler
configure:3676: g++ -c   conftest.cpp >&5
configure:3682: $? = 0
configure:3699: result: yes
configure:3704: checking whether g++ accepts -g
configure:3734: g++ -c -g  conftest.cpp >&5
configure:3740: $? = 0
configure:3839: result: yes
configure:3864: checking dependency style of g++
configure:3955: result: gcc3
configure:4011: checking build system type
configure:4029: result: x86_64-unknown-linux-gnu
configure:4051: checking host system type
configure:4066: result: x86_64-unknown-linux-gnu
configure:4088: checking for a sed that does not truncate output
configure:4167: result: /usr/bin/sed
configure:4185: checking for grep that handles long lines and -e
configure:4259: result: /usr/bin/grep
configure:4264: checking for egrep
configure:4342: result: /usr/bin/grep -E
configure:4347: checking for fgrep
configure:4425: result: /usr/bin/grep -F
configure:4460: checking for ld used by g++
configure:4527: result: /usr/x86_64-suse-linux/bin/ld
configure:4536: checking if the linker (/usr/x86_64-suse-linux/bin/ld) is GNU ld
configure:4551: result: yes
configure:4563: checking for BSD- or MS-compatible name lister (nm)
configure:4612: result: /usr/bin/nm -B
configure:4734: checking the name lister (/usr/bin/nm -B) interface
configure:4741: g++ -c -g -O2  conftest.cpp >&5
configure:4744: /usr/bin/nm -B "conftest.o"
configure:4747: output
0000000000000000 B some_variable
configure:4754: result: BSD nm
configure:4757: checking whether ln -s works
configure:4761: result: yes
configure:4769: checking the maximum length of command line arguments
configure:4889: result: 1572864
configure:4906: checking whether the shell understands some XSI constructs
configure:4916: result: yes
configure:4920: checking whether the shell understands "+="
configure:4926: result: yes
configure:4961: checking for /usr/x86_64-suse-linux/bin/ld option to reload object files
configure:4968: result: -r
configure:4995: checking how to recognize dependent libraries
configure:5185: result: pass_all
configure:5245: checking for ar
configure:5261: found /usr/bin/ar
configure:5272: result: ar
configure:5354: checking for strip
configure:5370: found /usr/bin/strip
configure:5381: result: strip
configure:5457: checking for ranlib
configure:5473: found /usr/bin/ranlib
configure:5484: result: ranlib
configure:5578: checking command to parse /usr/bin/nm -B output from g++ object
configure:5696: g++ -c -g -O2  conftest.cpp >&5
configure:5699: $? = 0
configure:5703: /usr/bin/nm -B conftest.o \| sed -n -e 's/^.*[	 ]\([ABCDGIRSTW][ABCDGIRSTW]*\)[	 ][	 ]*\([_A-Za-z][_A-Za-z0-9]*\)$/\1 \2 \2/p' \> conftest.nm
configure:5706: $? = 0
configure:5760: g++ -o conftest -g -O2   conftest.cpp conftstm.o >&5
configure:5763: $? = 0
configure:5801: result: ok
configure:5897: g++ -c -g -O2  conftest.cpp >&5
configure:5900: $? = 0
configure:6680: checking how to run the C preprocessor
configure:6720: g++ -E  conftest.c
configure:6726: $? = 0
configure:6757: g++ -E  conftest.c
conftest.c:10:28: fatal error: ac_nonexistent.h: No such file or directory
compilation terminated.
configure:6763: $? = 1
configure: failed program was:
| /* confdefs.h.  */
| #define PACKAGE_NAME ""
| #define PACKAGE_TARNAME ""
| #define PACKAGE_VERSION ""
| #define PACKAGE_STRING ""
| #define PACKAGE_BUGREPORT ""
| #define PACKAGE "Minuit2"
| #define VERSION "5.28.00"
| /* end confdefs.h.  */
| #include <ac_nonexistent.h>
configure:6796: result: g++ -E
configure:6825: g++ -E  conftest.c
configure:6831: $? = 0
configure:6862: g++ -E  conftest.c
conftest.c:10:28: fatal error: ac_nonexistent.h: No such file or directory
compilation terminated.
configure:6868: $? = 1
configure: failed program was:
| /* confdefs.h.  */
| #define PACKAGE_NAME ""
| #define PACKAGE_TARNAME ""
| #define PACKAGE_VERSION ""
| #define PACKAGE_STRING ""
| #define PACKAGE_BUGREPORT ""
| #define PACKAGE "Minuit2"
| #define VERSION "5.28.00"
| /* end confdefs.h.  */
| #include <ac_nonexistent.h>
configure:6906: checking for ANSI C header files
configure:6936: g++ -c -g -O2  conftest.c >&5
configure:6942: $? = 0
configure:7041: g++ -o conftest -g -O2   conftest.c  >&5
configure:7044: $? = 0
configure:7050: ./conftest
configure:7053: $? = 0
configure:7070: result: yes
configure:7094: checking for sys/types.h
configure:7115: g++ -c -g -O2  conftest.c >&5
configure:7121: $? = 0
configure:7137: result: yes
configure:7094: checking for sys/stat.h
configure:7115: g++ -c -g -O2  conftest.c >&5
configure:7121: $? = 0
configure:7137: result: yes
configure:7094: checking for stdlib.h
configure:7115: g++ -c -g -O2  conftest.c >&5
configure:7121: $? = 0
configure:7137: result: yes
configure:7094: checking for string.h
configure:7115: g++ -c -g -O2  conftest.c >&5
configure:7121: $? = 0
configure:7137: result: yes
configure:7094: checking for memory.h
configure:7115: g++ -c -g -O2  conftest.c >&5
configure:7121: $? = 0
configure:7137: result: yes
configure:7094: checking for strings.h
configure:7115: g++ -c -g -O2  conftest.c >&5
configure:7121: $? = 0
configure:7137: result: yes
configure:7094: checking for inttypes.h
configure:7115: g++ -c -g -O2  conftest.c >&5
configure:7121: $? = 0
configure:7137: result: yes
configure:7094: checking for stdint.h
configure:7115: g++ -c -g -O2  conftest.c >&5
configure:7121: $? = 0
configure:7137: result: yes
configure:7094: checking for unistd.h
configure:7115: g++ -c -g -O2  conftest.c >&5
configure:7121: $? = 0
configure:7137: result: yes
configure:7153: checking for dlfcn.h
configure:7174: g++ -c -g -O2  conftest.c >&5
configure:7180: $? = 0
configure:7196: result: yes
configure:7325: checking for C++ compiler version
configure:7332: g++ --version >&5
g++ (SUSE Linux) 4.5.1 20101208 [gcc-4_5-branch revision 167585]
Copyright (C) 2010 Free Software Foundation, Inc.
This is free software; see the source for copying conditions.  There is NO
warranty; not even for MERCHANTABILITY or FITNESS FOR A PARTICULAR PURPOSE.

configure:7335: $? = 0
configure:7342: g++ -v >&5
Using built-in specs.
COLLECT_GCC=g++
COLLECT_LTO_WRAPPER=/usr/lib64/gcc/x86_64-suse-linux/4.5/lto-wrapper
Target: x86_64-suse-linux
Configured with: ../configure --prefix=/usr --infodir=/usr/share/info --mandir=/usr/share/man --libdir=/usr/lib64 --libexecdir=/usr/lib64 --enable-languages=c,c++,objc,fortran,obj-c++,java,ada --enable-checking=release --with-gxx-include-dir=/usr/include/c++/4.5 --enable-ssp --disable-libssp --disable-plugin --with-bugurl=http://bugs.opensuse.org/ --with-pkgversion='SUSE Linux' --disable-libgcj --disable-libmudflap --with-slibdir=/lib64 --with-system-zlib --enable-__cxa_atexit --enable-libstdcxx-allocator=new --disable-libstdcxx-pch --enable-version-specific-runtime-libs --program-suffix=-4.5 --enable-linux-futex --without-system-libunwind --enable-gold --with-plugin-ld=/usr/bin/gold --with-arch-32=i586 --with-tune=generic --build=x86_64-suse-linux
Thread model: posix
gcc version 4.5.1 20101208 [gcc-4_5-branch revision 167585] (SUSE Linux) 
configure:7345: $? = 0
configure:7352: g++ -V >&5
g++: '-V' option must have argument
configure:7355: $? = 1
configure:7358: checking whether we are using the GNU C++ compiler
configure:7410: result: yes
configure:7415: checking whether g++ accepts -g
configure:7550: result: yes
configure:7575: checking dependency style of g++
configure:7666: result: gcc3
configure:7689: checking how to run the C++ preprocessor
configure:7725: g++ -E  conftest.cpp
configure:7731: $? = 0
configure:7762: g++ -E  conftest.cpp
conftest.cpp:21:28: fatal error: ac_nonexistent.h: No such file or directory
compilation terminated.
configure:7768: $? = 1
configure: failed program was:
| /* confdefs.h.  */
| #define PACKAGE_NAME ""
| #define PACKAGE_TARNAME ""
| #define PACKAGE_VERSION ""
| #define PACKAGE_STRING ""
| #define PACKAGE_BUGREPORT ""
| #define PACKAGE "Minuit2"
| #define VERSION "5.28.00"
| #define STDC_HEADERS 1
| #define HAVE_SYS_TYPES_H 1
| #define HAVE_SYS_STAT_H 1
| #define HAVE_STDLIB_H 1
| #define HAVE_STRING_H 1
| #define HAVE_MEMORY_H 1
| #define HAVE_STRINGS_H 1
| #define HAVE_INTTYPES_H 1
| #define HAVE_STDINT_H 1
| #define HAVE_UNISTD_H 1
| #define HAVE_DLFCN_H 1
| /* end confdefs.h.  */
| #include <ac_nonexistent.h>
configure:7801: result: g++ -E
configure:7830: g++ -E  conftest.cpp
configure:7836: $? = 0
configure:7867: g++ -E  conftest.cpp
conftest.cpp:21:28: fatal error: ac_nonexistent.h: No such file or directory
compilation terminated.
configure:7873: $? = 1
configure: failed program was:
| /* confdefs.h.  */
| #define PACKAGE_NAME ""
| #define PACKAGE_TARNAME ""
| #define PACKAGE_VERSION ""
| #define PACKAGE_STRING ""
| #define PACKAGE_BUGREPORT ""
| #define PACKAGE "Minuit2"
| #define VERSION "5.28.00"
| #define STDC_HEADERS 1
| #define HAVE_SYS_TYPES_H 1
| #define HAVE_SYS_STAT_H 1
| #define HAVE_STDLIB_H 1
| #define HAVE_STRING_H 1
| #define HAVE_MEMORY_H 1
| #define HAVE_STRINGS_H 1
| #define HAVE_INTTYPES_H 1
| #define HAVE_STDINT_H 1
| #define HAVE_UNISTD_H 1
| #define HAVE_DLFCN_H 1
| /* end confdefs.h.  */
| #include <ac_nonexistent.h>
configure:8085: checking for objdir
configure:8100: result: .libs
configure:8392: checking if g++ supports -fno-rtti -fno-exceptions
configure:8410: g++ -c -g -O2  -fno-rtti -fno-exceptions conftest.c >&5
configure:8414: $? = 0
configure:8427: result: yes
configure:8447: checking for g++ option to produce PIC
configure:8704: result: -fPIC -DPIC
configure:8716: checking if g++ PIC flag -fPIC -DPIC works
configure:8734: g++ -c -g -O2  -fPIC -DPIC -DPIC conftest.c >&5
configure:8738: $? = 0
configure:8751: result: yes
configure:8775: checking if g++ static flag -static works
configure:8803: result: yes
configure:8818: checking if g++ supports -c -o file.o
configure:8839: g++ -c -g -O2  -o out/conftest2.o conftest.c >&5
configure:8843: $? = 0
configure:8865: result: yes
configure:8873: checking if g++ supports -c -o file.o
configure:8920: result: yes
configure:8953: checking whether the g++ linker (/usr/x86_64-suse-linux/bin/ld -m elf_x86_64) supports shared libraries
configure:10007: result: yes
configure:10044: checking whether -lc should be explicitly linked in
configure:10049: g++ -c -g -O2  conftest.c >&5
configure:10052: $? = 0
configure:10067: g++ -shared conftest.o  -v -Wl,-soname -Wl,conftest -o conftest 2\>\&1 \| /usr/bin/grep  -lc  \>/dev/null 2\>\&1
configure:10070: $? = 0
configure:10082: result: no
configure:10246: checking dynamic linker characteristics
configure:10689: g++ -o conftest -g -O2   -Wl,-rpath -Wl,/foo conftest.c  >&5
configure:10695: $? = 0
configure:10925: result: GNU/Linux ld.so
configure:11027: checking how to hardcode library paths into programs
configure:11052: result: immediate
configure:11865: checking whether stripping libraries is possible
configure:11870: result: yes
configure:11905: checking if libtool supports shared libraries
configure:11907: result: yes
configure:11910: checking whether to build shared libraries
configure:11931: result: yes
configure:11934: checking whether to build static libraries
configure:11938: result: yes
configure:12088: checking for ld used by g++
configure:12155: result: /usr/x86_64-suse-linux/bin/ld -m elf_x86_64
configure:12164: checking if the linker (/usr/x86_64-suse-linux/bin/ld -m elf_x86_64) is GNU ld
configure:12179: result: yes
configure:12234: checking whether the g++ linker (/usr/x86_64-suse-linux/bin/ld -m elf_x86_64) supports shared libraries
configure:13196: result: yes
configure:13224: g++ -c -g -O2  conftest.cpp >&5
configure:13227: $? = 0
configure:13409: checking for g++ option to produce PIC
configure:13718: result: -fPIC -DPIC
configure:13727: checking if g++ PIC flag -fPIC -DPIC works
configure:13745: g++ -c -g -O2  -fPIC -DPIC -DPIC conftest.cpp >&5
configure:13749: $? = 0
configure:13762: result: yes
configure:13783: checking if g++ static flag -static works
configure:13811: result: yes
configure:13823: checking if g++ supports -c -o file.o
configure:13844: g++ -c -g -O2  -o out/conftest2.o conftest.cpp >&5
configure:13848: $? = 0
configure:13870: result: yes
configure:13875: checking if g++ supports -c -o file.o
configure:13922: result: yes
configure:13952: checking whether the g++ linker (/usr/x86_64-suse-linux/bin/ld -m elf_x86_64) supports shared libraries
configure:13978: result: yes
configure:14115: checking dynamic linker characteristics
configure:14506: g++ -o conftest -g -O2   -Wl,-rpath -Wl,/foo conftest.cpp  >&5
configure:14512: $? = 0
configure:14742: result: GNU/Linux ld.so
configure:14793: checking how to hardcode library paths into programs
configure:14818: result: immediate
configure:14879: checking for g++
configure:14897: found /usr/bin/g++
configure:14910: result: /usr/bin/g++
configure:14918: checking standard C++ library path
configure:14921: result: /usr/lib 
configure:14925: checking for main in -lstdc++
configure:14954: g++ -o conftest -g -O2   conftest.cpp -lstdc++   >&5
configure:14960: $? = 0
configure:14978: result: yes
configure:14988: checking maximum warning verbosity option
configure:15009: result: -Wall for C++ -Wall for C
configure:15017: checking for gmake
configure:15033: found /usr/bin/gmake
configure:15045: result: gmake
configure:15098: checking for ranlib
configure:15125: result: ranlib
configure:15160: checking for g++ option to support OpenMP
configure:15180: g++ -o conftest -g -O2 -Wall   conftest.cpp  >&5
conftest.cpp:3:2: error: 'choke' does not name a type
In file included from conftest.cpp:5:0:
/usr/lib64/gcc/x86_64-suse-linux/4.5/include/omp.h:38:3: error: 'omp_lock_t' does not name a type
/usr/lib64/gcc/x86_64-suse-linux/4.5/include/omp.h:76:28: error: variable or field 'omp_init_lock' declared void
/usr/lib64/gcc/x86_64-suse-linux/4.5/include/omp.h:76:28: error: 'omp_lock_t' was not declared in this scope
/usr/lib64/gcc/x86_64-suse-linux/4.5/include/omp.h:76:40: error: expected primary-expression before ')' token
/usr/lib64/gcc/x86_64-suse-linux/4.5/include/omp.h:77:31: error: variable or field 'omp_destroy_lock' declared void
/usr/lib64/gcc/x86_64-suse-linux/4.5/include/omp.h:77:31: error: 'omp_lock_t' was not declared in this scope
/usr/lib64/gcc/x86_64-suse-linux/4.5/include/omp.h:77:43: error: expected primary-expression before ')' token
/usr/lib64/gcc/x86_64-suse-linux/4.5/include/omp.h:78:27: error: variable or field 'omp_set_lock' declared void
/usr/lib64/gcc/x86_64-suse-linux/4.5/include/omp.h:78:27: error: 'omp_lock_t' was not declared in this scope
/usr/lib64/gcc/x86_64-suse-linux/4.5/include/omp.h:78:39: error: expected primary-expression before ')' token
/usr/lib64/gcc/x86_64-suse-linux/4.5/include/omp.h:79:29: error: variable or field 'omp_unset_lock' declared void
/usr/lib64/gcc/x86_64-suse-linux/4.5/include/omp.h:79:29: error: 'omp_lock_t' was not declared in this scope
/usr/lib64/gcc/x86_64-suse-linux/4.5/include/omp.h:79:41: error: expected primary-expression before ')' token
/usr/lib64/gcc/x86_64-suse-linux/4.5/include/omp.h:80:27: error: 'omp_lock_t' was not declared in this scope
/usr/lib64/gcc/x86_64-suse-linux/4.5/include/omp.h:80:39: error: expected primary-expression before ')' token
/usr/lib64/gcc/x86_64-suse-linux/4.5/include/omp.h:80:41: error: expected ',' or ';' before 'throw'
configure:15186: $? = 1
configure: failed program was:
| 
| #ifndef _OPENMP
|  choke me
| #endif
| #include <omp.h>
| int main () { return omp_get_num_threads (); }
| 
configure:15216: g++ -o conftest -g -O2 -Wall -fopenmp   conftest.cpp  >&5
configure:15222: $? = 0
configure:15248: result: -fopenmp
configure:15392: creating ./config.status

## ---------------------- ##
## Running config.status. ##
## ---------------------- ##

This file was extended by config.status, which was
generated by GNU Autoconf 2.61.  Invocation command line was

  CONFIG_FILES    = 
  CONFIG_HEADERS  = 
  CONFIG_LINKS    = 
  CONFIG_COMMANDS = 
  $ ./config.status 

on galette

config.status:922: creating Makefile
config.status:922: creating inc/Makefile
config.status:922: creating inc/Minuit2/Makefile
config.status:922: creating inc/Math/Makefile
config.status:922: creating src/Makefile
config.status:922: creating doc/Doxyfile
config.status:922: creating doc/Makefile
config.status:922: creating test/Makefile
config.status:922: creating test/MnSim/Makefile
config.status:922: creating test/MnTutorial/Makefile
config.status:922: creating config.h
config.status:1196: executing depfiles commands
config.status:1196: executing libtool commands
configure:17838: result:
    Minuit2 project now configured.


## ---------------- ##
## Cache variables. ##
## ---------------- ##

ac_cv_build=x86_64-unknown-linux-gnu
ac_cv_c_compiler_gnu=yes
ac_cv_cxx_compiler_gnu=yes
ac_cv_env_CCC_set=
ac_cv_env_CCC_value=
ac_cv_env_CC_set=
ac_cv_env_CC_value=
ac_cv_env_CFLAGS_set=
ac_cv_env_CFLAGS_value=
ac_cv_env_CPPFLAGS_set=
ac_cv_env_CPPFLAGS_value=
ac_cv_env_CPP_set=
ac_cv_env_CPP_value=
ac_cv_env_CXXCPP_set=
ac_cv_env_CXXCPP_value=
ac_cv_env_CXXFLAGS_set=
ac_cv_env_CXXFLAGS_value=
ac_cv_env_CXX_set=
ac_cv_env_CXX_value=
ac_cv_env_LDFLAGS_set=
ac_cv_env_LDFLAGS_value=
ac_cv_env_LIBS_set=
ac_cv_env_LIBS_value=
ac_cv_env_build_alias_set=
ac_cv_env_build_alias_value=
ac_cv_env_host_alias_set=
ac_cv_env_host_alias_value=
ac_cv_env_target_alias_set=
ac_cv_env_target_alias_value=
ac_cv_header_dlfcn_h=yes
ac_cv_header_inttypes_h=yes
ac_cv_header_memory_h=yes
ac_cv_header_stdc=yes
ac_cv_header_stdint_h=yes
ac_cv_header_stdlib_h=yes
ac_cv_header_string_h=yes
ac_cv_header_strings_h=yes
ac_cv_header_sys_stat_h=yes
ac_cv_header_sys_types_h=yes
ac_cv_header_unistd_h=yes
ac_cv_host=x86_64-unknown-linux-gnu
ac_cv_lib_stdcpp_main=yes
ac_cv_objext=o
ac_cv_path_EGREP='/usr/bin/grep -E'
ac_cv_path_FGREP='/usr/bin/grep -F'
ac_cv_path_GREP=/usr/bin/grep
ac_cv_path_SED=/usr/bin/sed
ac_cv_path_install='/usr/bin/install -c'
ac_cv_path_mkdir=/bin/mkdir
ac_cv_path_pfk_cxx_lib_path=/usr/bin/g++
ac_cv_prog_AWK=gawk
ac_cv_prog_CPP='g++ -E'
ac_cv_prog_CXXCPP='g++ -E'
ac_cv_prog_GMAKE=gmake
ac_cv_prog_ac_ct_AR=ar
ac_cv_prog_ac_ct_CC=gcc
ac_cv_prog_ac_ct_CXX=g++
ac_cv_prog_ac_ct_RANLIB=ranlib
ac_cv_prog_ac_ct_STRIP=strip
ac_cv_prog_cc_c89=
ac_cv_prog_cc_g=yes
ac_cv_prog_cxx_g=yes
ac_cv_prog_cxx_openmp=-fopenmp
ac_cv_prog_make_make_set=yes
am_cv_CC_dependencies_compiler_type=gcc3
am_cv_CXX_dependencies_compiler_type=gcc3
lt_cv_deplibs_check_method=pass_all
lt_cv_file_magic_cmd='$MAGIC_CMD'
lt_cv_file_magic_test_file=
lt_cv_ld_reload_flag=-r
lt_cv_nm_interface='BSD nm'
lt_cv_objdir=.libs
lt_cv_path_LD=/usr/x86_64-suse-linux/bin/ld
lt_cv_path_LDCXX='/usr/x86_64-suse-linux/bin/ld -m elf_x86_64'
lt_cv_path_NM='/usr/bin/nm -B'
lt_cv_prog_compiler_c_o=yes
lt_cv_prog_compiler_c_o_CXX=yes
lt_cv_prog_compiler_pic_works=yes
lt_cv_prog_compiler_pic_works_CXX=yes
lt_cv_prog_compiler_rtti_exceptions=yes
lt_cv_prog_compiler_static_works=yes
lt_cv_prog_compiler_static_works_CXX=yes
lt_cv_prog_gnu_ld=yes
lt_cv_prog_gnu_ldcxx=yes
lt_cv_sys_global_symbol_pipe='sed -n -e '\''s/^.*[	 ]\([ABCDGIRSTW][ABCDGIRSTW]*\)[	 ][	 ]*\([_A-Za-z][_A-Za-z0-9]*\)$/\1 \2 \2/p'\'''
lt_cv_sys_global_symbol_to_c_name_address='sed -n -e '\''s/^: \([^ ]*\) $/  {\"\1\", (void *) 0},/p'\'' -e '\''s/^[ABCDGIRSTW]* \([^ ]*\) \([^ ]*\)$/  {"\2", (void *) \&\2},/p'\'''
lt_cv_sys_global_symbol_to_c_name_address_lib_prefix='sed -n -e '\''s/^: \([^ ]*\) $/  {\"\1\", (void *) 0},/p'\'' -e '\''s/^[ABCDGIRSTW]* \([^ ]*\) \(lib[^ ]*\)$/  {"\2", (void *) \&\2},/p'\'' -e '\''s/^[ABCDGIRSTW]* \([^ ]*\) \([^ ]*\)$/  {"lib\2", (void *) \&\2},/p'\'''
lt_cv_sys_global_symbol_to_cdecl='sed -n -e '\''s/^T .* \(.*\)$/extern int \1();/p'\'' -e '\''s/^[ABCDGIRSTW]* .* \(.*\)$/extern char \1;/p'\'''
lt_cv_sys_max_cmd_len=1572864

## ----------------- ##
## Output variables. ##
## ----------------- ##

ACLOCAL='${SHELL} /home/galette/bierlich/Dropbox/analysis/panf/minuit/Minuit2-5.28.00/config/missing --run aclocal-1.10'
AMDEPBACKSLASH='\'
AMDEP_FALSE='#'
AMDEP_TRUE=''
AMTAR='${SHELL} /home/galette/bierlich/Dropbox/analysis/panf/minuit/Minuit2-5.28.00/config/missing --run tar'
AR='ar'
AUTOCONF='${SHELL} /home/galette/bierlich/Dropbox/analysis/panf/minuit/Minuit2-5.28.00/config/missing --run autoconf'
AUTOHEADER='${SHELL} /home/galette/bierlich/Dropbox/analysis/panf/minuit/Minuit2-5.28.00/config/missing --run autoheader'
AUTOMAKE='${SHELL} /home/galette/bierlich/Dropbox/analysis/panf/minuit/Minuit2-5.28.00/config/missing --run automake-1.10'
AWK='gawk'
CC='g++'
CCDEPMODE='depmode=gcc3'
CFLAGS='-g -O2 -Wall '
CPP='g++ -E'
CPPFLAGS=''
CXX='g++'
CXXCPP='g++ -E'
CXXDEPMODE='depmode=gcc3'
CXXFLAGS='-g -O2 -Wall -fopenmp'
CXX_LIB_PATH='/usr/lib'
CYGPATH_W='echo'
DEFS='-DHAVE_CONFIG_H'
DEPDIR='.deps'
DSYMUTIL=''
DUMPBIN=''
ECHO_C=''
ECHO_N='-n'
ECHO_T=''
EGREP='/usr/bin/grep -E'
EXEEXT=''
FGREP='/usr/bin/grep -F'
GMAKE='gmake'
GREP='/usr/bin/grep'
INSTALL_DATA='${INSTALL} -m 644'
INSTALL_PROGRAM='${INSTALL}'
INSTALL_SCRIPT='${INSTALL}'
INSTALL_STRIP_PROGRAM='$(install_sh) -c -s'
LD='/usr/x86_64-suse-linux/bin/ld -m elf_x86_64'
LDFLAGS=''
LIBOBJS=''
LIBS=''
LIBSTDCPP='lstdc++'
LIBTOOL='$(SHELL) $(top_builddir)/libtool'
LIPO=''
LN_S='ln -s'
LTLIBOBJS=''
MAKEINFO='${SHELL} /home/galette/bierlich/Dropbox/analysis/panf/minuit/Minuit2-5.28.00/config/missing --run makeinfo'
NM='/usr/bin/nm -B'
NMEDIT=''
OBJEXT='o'
OPENMP_CXXFLAGS='-fopenmp'
OTOOL64=''
OTOOL=''
PACKAGE='Minuit2'
PACKAGE_BUGREPORT=''
PACKAGE_NAME=''
PACKAGE_STRING=''
PACKAGE_TARNAME=''
PACKAGE_VERSION=''
PATH_SEPARATOR=':'
RANLIB='ranlib'
SED='/usr/bin/sed'
SET_MAKE=''
SHELL='/bin/sh'
STRIP='strip'
VERSION='5.28.00'
ac_ct_CC='gcc'
ac_ct_CXX='g++'
ac_ct_DUMPBIN=''
am__fastdepCC_FALSE='#'
am__fastdepCC_TRUE=''
am__fastdepCXX_FALSE='#'
am__fastdepCXX_TRUE=''
am__include='include'
am__isrc=''
am__leading_dot='.'
am__quote=''
am__tar='${AMTAR} chof - "$$tardir"'
am__untar='${AMTAR} xf -'
bindir='${exec_prefix}/bin'
build='x86_64-unknown-linux-gnu'
build_alias=''
build_cpu='x86_64'
build_os='linux-gnu'
build_vendor='unknown'
datadir='${datarootdir}'
datarootdir='${prefix}/share'
docdir='${datarootdir}/doc/${PACKAGE}'
dvidir='${docdir}'
exec_prefix='${prefix}'
host='x86_64-unknown-linux-gnu'
host_alias=''
host_cpu='x86_64'
host_os='linux-gnu'
host_vendor='unknown'
htmldir='${docdir}'
includedir='${prefix}/include'
infodir='${datarootdir}/info'
install_sh='$(SHELL) /home/galette/bierlich/Dropbox/analysis/panf/minuit/Minuit2-5.28.00/config/install-sh'
libdir='${exec_prefix}/lib'
libexecdir='${exec_prefix}/libexec'
localedir='${datarootdir}/locale'
localstatedir='${prefix}/var'
lt_ECHO='echo'
mandir='${datarootdir}/man'
mkdir_p='/bin/mkdir -p'
oldincludedir='/usr/include'
pdfdir='${docdir}'
pfk_cxx_lib_path='/usr/bin/g++'
prefix='/usr/local'
program_transform_name='s,x,x,'
psdir='${docdir}'
sbindir='${exec_prefix}/sbin'
sharedstatedir='${prefix}/com'
sysconfdir='${prefix}/etc'
target_alias=''

## ----------- ##
## confdefs.h. ##
## ----------- ##

#define PACKAGE_NAME ""
#define PACKAGE_TARNAME ""
#define PACKAGE_VERSION ""
#define PACKAGE_STRING ""
#define PACKAGE_BUGREPORT ""
#define PACKAGE "Minuit2"
#define VERSION "5.28.00"
#define STDC_HEADERS 1
#define HAVE_SYS_TYPES_H 1
#define HAVE_SYS_STAT_H 1
#define HAVE_STDLIB_H 1
#define HAVE_STRING_H 1
#define HAVE_MEMORY_H 1
#define HAVE_STRINGS_H 1
#define HAVE_INTTYPES_H 1
#define HAVE_STDINT_H 1
#define HAVE_UNISTD_H 1
#define HAVE_DLFCN_H 1
#define LT_OBJDIR ".libs/"

configure: exit 0
